0 info it worked if it ends with ok
1 verbose cli [ '/usr/local/Cellar/node/0.10.17/bin/node',
1 verbose cli   '/usr/local/bin/npm',
1 verbose cli   'install',
1 verbose cli   'web.js' ]
2 info using npm@1.3.8
3 info using node@v0.10.17
4 warn package.json node-example@0.0.1 No repository field.
5 warn package.json connect-redis@1.4.5 No repository field.
6 warn package.json cookie-signature@1.0.0 No repository field.
7 warn package.json fresh@0.1.0 No repository field.
8 warn package.json methods@0.0.1 No repository field.
9 warn package.json range-parser@0.0.4 No repository field.
10 warn package.json send@0.1.0 No repository field.
11 warn package.json supertest@0.0.1 No repository field.
12 verbose readDependencies using package.json deps
13 verbose cache add [ 'web.js', null ]
14 verbose cache add name=undefined spec="web.js" args=["web.js",null]
15 verbose parsed url { protocol: null,
15 verbose parsed url   slashes: null,
15 verbose parsed url   auth: null,
15 verbose parsed url   host: null,
15 verbose parsed url   port: null,
15 verbose parsed url   hostname: null,
15 verbose parsed url   hash: null,
15 verbose parsed url   search: null,
15 verbose parsed url   query: null,
15 verbose parsed url   pathname: 'web.js',
15 verbose parsed url   path: 'web.js',
15 verbose parsed url   href: 'web.js' }
16 silly lockFile 56a2b2df-web-js web.js
17 verbose lock web.js /Users/kristinalillie/.npm/56a2b2df-web-js.lock
18 verbose chmod /var/folders/04/8smtb1v12sjgms07rtp2dkmm0000gn/T/npm-45494-9j011RS5/1377893121159-0.7393487878143787/tmp.tgz 644
19 verbose tar unpack /var/folders/04/8smtb1v12sjgms07rtp2dkmm0000gn/T/npm-45494-9j011RS5/1377893121159-0.7393487878143787/tmp.tgz
20 silly lockFile 2ad928ef-21159-0-7393487878143787-package tar:///var/folders/04/8smtb1v12sjgms07rtp2dkmm0000gn/T/npm-45494-9j011RS5/1377893121159-0.7393487878143787/package
21 verbose lock tar:///var/folders/04/8smtb1v12sjgms07rtp2dkmm0000gn/T/npm-45494-9j011RS5/1377893121159-0.7393487878143787/package /Users/kristinalillie/.npm/2ad928ef-21159-0-7393487878143787-package.lock
22 silly lockFile 4ee023fa-21159-0-7393487878143787-tmp-tgz tar:///var/folders/04/8smtb1v12sjgms07rtp2dkmm0000gn/T/npm-45494-9j011RS5/1377893121159-0.7393487878143787/tmp.tgz
23 verbose lock tar:///var/folders/04/8smtb1v12sjgms07rtp2dkmm0000gn/T/npm-45494-9j011RS5/1377893121159-0.7393487878143787/tmp.tgz /Users/kristinalillie/.npm/4ee023fa-21159-0-7393487878143787-tmp-tgz.lock
24 silly gunzTarPerm modes [ '755', '644' ]
25 error not a package /var/folders/04/8smtb1v12sjgms07rtp2dkmm0000gn/T/npm-45494-9j011RS5/1377893121159-0.7393487878143787/tmp.tgz
26 silly lockFile 2ad928ef-21159-0-7393487878143787-package tar:///var/folders/04/8smtb1v12sjgms07rtp2dkmm0000gn/T/npm-45494-9j011RS5/1377893121159-0.7393487878143787/package
27 silly lockFile 2ad928ef-21159-0-7393487878143787-package tar:///var/folders/04/8smtb1v12sjgms07rtp2dkmm0000gn/T/npm-45494-9j011RS5/1377893121159-0.7393487878143787/package
28 silly lockFile 4ee023fa-21159-0-7393487878143787-tmp-tgz tar:///var/folders/04/8smtb1v12sjgms07rtp2dkmm0000gn/T/npm-45494-9j011RS5/1377893121159-0.7393487878143787/tmp.tgz
29 silly lockFile 4ee023fa-21159-0-7393487878143787-tmp-tgz tar:///var/folders/04/8smtb1v12sjgms07rtp2dkmm0000gn/T/npm-45494-9j011RS5/1377893121159-0.7393487878143787/tmp.tgz
30 silly lockFile 56a2b2df-web-js web.js
31 silly lockFile 56a2b2df-web-js web.js
32 verbose addNamed [ 'web.js', '' ]
33 verbose addNamed [ null, '*' ]
34 silly lockFile c51fb96c-web-js web.js@
35 verbose lock web.js@ /Users/kristinalillie/.npm/c51fb96c-web-js.lock
36 silly addNameRange { name: 'web.js', range: '*', hasData: false }
37 verbose url raw web.js
38 verbose url resolving [ 'https://registry.npmjs.org/', './web.js' ]
39 verbose url resolved https://registry.npmjs.org/web.js
40 info trying registry request attempt 1 at 13:05:21
41 http GET https://registry.npmjs.org/web.js
42 http 404 https://registry.npmjs.org/web.js
43 silly registry.get cb [ 404,
43 silly registry.get   { server: 'CouchDB/1.3.1 (Erlang OTP/R15B03)',
43 silly registry.get     date: 'Fri, 30 Aug 2013 20:05:16 GMT',
43 silly registry.get     'content-type': 'application/json',
43 silly registry.get     'content-length': '52',
43 silly registry.get     'cache-control': 'must-revalidate' } ]
44 silly lockFile c51fb96c-web-js web.js@
45 silly lockFile c51fb96c-web-js web.js@
46 error 404 'web.js' is not in the npm registry.
46 error 404 You should bug the author to publish it
46 error 404
46 error 404 Maybe try 'npm search web'
46 error 404
46 error 404 Note that you can also install from a
46 error 404 tarball, folder, or http url, or git url.
47 error System Darwin 12.4.0
48 error command "/usr/local/Cellar/node/0.10.17/bin/node" "/usr/local/bin/npm" "install" "web.js"
49 error cwd /Users/kristinalillie/Documents/code/javascript3
50 error node -v v0.10.17
51 error npm -v 1.3.8
52 error code E404
53 verbose exit [ 1, true ]
